101.07.25 19:04 B D:\SITI WEB FRONT PAGE\ARELIA\Divinitŕ Neutrali.htm --> ftp.supereva.it / Divinitŕ Neutrali.htm
101.07.25 19:04 B D:\SITI WEB FRONT PAGE\ARELIA\Dragonheart.mid --> ftp.supereva.it / Dragonheart.mid
101.07.25 19:04 B D:\SITI WEB FRONT PAGE\ARELIA\fphover.class --> ftp.supereva.it / fphover.class
101.07.25 19:04 B D:\SITI WEB FRONT PAGE\ARELIA\fphoverx.class --> ftp.supereva.it / fphoverx.class
101.07.25 19:05 B D:\SITI WEB FRONT PAGE\ARELIA\geografia_di_arelia.htm --> ftp.supereva.it / geografia_di_arelia.htm
101.07.25 19:05 B D:\SITI WEB FRONT PAGE\ARELIA\impero_scuro.htm --> ftp.supereva.it / impero_scuro.htm
101.07.25 19:05 B D:\SITI WEB FRONT PAGE\ARELIA\Index.htm --> ftp.supereva.it / Index.htm
101.07.25 19:05 B D:\SITI WEB FRONT PAGE\ARELIA\introduzione.htm --> ftp.supereva.it / introduzione.htm
101.07.25 19:05 B D:\SITI WEB FRONT PAGE\ARELIA\La Fratellanza della Luce.htm --> ftp.supereva.it / La Fratellanza della Luce.htm
101.07.25 19:05 B D:\SITI WEB FRONT PAGE\ARELIA\Le Forze Oscure.htm --> ftp.supereva.it / Le Forze Oscure.htm
101.07.25 19:05 B D:\SITI WEB FRONT PAGE\ARELIA\mappa_generale.htm --> ftp.supereva.it / mappa_generale.htm
101.07.25 19:05 B D:\SITI WEB FRONT PAGE\ARELIA\regno_di_tarsis.htm --> ftp.supereva.it / regno_di_tarsis.htm
101.07.25 19:05 B D:\SITI WEB FRONT PAGE\ARELIA\religioni_di_arelia.htm --> ftp.supereva.it / religioni_di_arelia.htm
101.07.25 19:05 B D:\SITI WEB FRONT PAGE\ARELIA\sommario.htm --> ftp.supereva.it / sommario.htm
101.07.25 19:05 B D:\SITI WEB FRONT PAGE\ARELIA\Storia.htm --> ftp.supereva.it / Storia.htm
101.07.25 19:07 B D:\SITI WEB FRONT PAGE\ARELIA\Index.htm --> ftp.supereva.it / Index.htm
101.07.25 21:08 B D:\SITO PUBBLICATO ARELIA\Index.htm --> ftp.tripod.it / Index.htm
101.07.25 21:16 B D:\SITO PUBBLICATO ARELIA\fphover.class --> ftp.tripod.it / fphover.class
101.07.25 21:17 B D:\SITO PUBBLICATO ARELIA\fphoverx.class --> ftp.tripod.it / fphoverx.class
101.07.25 21:17 B D:\SITO PUBBLICATO ARELIA\geografia_di_arelia.htm --> ftp.tripod.it / geografia_di_arelia.htm
101.07.25 21:18 B D:\SITO PUBBLICATO ARELIA\impero_scuro.htm --> ftp.tripod.it / impero_scuro.htm
101.07.25 21:18 B D:\SITO PUBBLICATO ARELIA\Index.htm --> ftp.tripod.it / Index.htm
101.07.25 21:19 B D:\SITO PUBBLICATO ARELIA\introduzione.htm --> ftp.tripod.it / introduzione.htm
101.07.25 21:28 B D:\SITO PUBBLICATO ARELIA\mappa_generale.htm --> ftp.supereva.it / mappa_generale.htm
101.07.25 21:28 B D:\SITO PUBBLICATO ARELIA\Index.htm --> ftp.supereva.it / Index.htm
101.07.25 22:14 B D:\SITO PUBBLICATO ARELIA\Index.htm --> ftp.supereva.it / Index.htm
101.07.25 22:15 B D:\SITO PUBBLICATO ARELIA\personaggi_giocanti.htm --> ftp.supereva.it / personaggi_giocanti.htm
101.07.25 22:15 B D:\SITO PUBBLICATO ARELIA\descrizione_della_campagna.htm --> ftp.supereva.it / descrizione_della_campagna.htm
101.07.25 22:17 B D:\SITO PUBBLICATO ARELIA\sommario.htm --> ftp.supereva.it / sommario.htm
101.08.05 14:12 B D:\SITO PUBBLICATO ARELIA\introduzione.htm --> ftp.tripod.it / introduzione.htm
101.08.05 14:13 B D:\SITO PUBBLICATO ARELIA\sommario.htm --> ftp.tripod.it / sommario.htm
101.08.05 14:13 B D:\SITO PUBBLICATO ARELIA\personaggi_giocanti.htm --> ftp.tripod.it / personaggi_giocanti.htm
101.08.05 14:13 B D:\SITO PUBBLICATO ARELIA\Storia.htm --> ftp.tripod.it / Storia.htm
101.08.07 13:04 B D:\SITO PUBBLICATO ARELIA\geografia_di_arelia.htm --> ftp.tripod.it / geografia_di_arelia.htm
101.08.07 13:04 B D:\SITO PUBBLICATO ARELIA\ducato_di_southland.htm --> ftp.tripod.it / ducato_di_southland.htm
101.08.07 18:22 B D:\SITO PUBBLICATO ARELIA\Scudo_Sinkros.gif --> ftp.tripod.it /images Scudo_Sinkros.gif
101.08.07 18:23 B D:\SITO PUBBLICATO ARELIA\ducato_di_southland.htm --> ftp.tripod.it / ducato_di_southland.htm
101.08.08 10:50 B D:\SITO PUBBLICATO ARELIA\sommario.htm --> ftp.tripod.it / sommario.htm
101.08.08 10:52 B D:\SITO PUBBLICATO ARELIA\personaggi_giocanti.htm --> ftp.tripod.it / personaggi_giocanti.htm
101.08.08 10:52 B D:\SITO PUBBLICATO ARELIA\introduzione.htm --> ftp.tripod.it / introduzione.htm
101.08.08 10:52 B D:\SITO PUBBLICATO ARELIA\descrizione_della_campagna.htm --> ftp.tripod.it / descrizione_della_campagna.htm
101.08.08 11:13 B D:\SITO PUBBLICATO ARELIA\sommario.htm --> ftp.tripod.it / sommario.htm
101.08.08 11:18 B D:\SITO PUBBLICATO ARELIA\religioni_di_arelia.htm --> ftp.tripod.it / religioni_di_arelia.htm
101.08.08 11:28 B D:\SITO PUBBLICATO ARELIA\religioni_di_arelia.htm --> ftp.tripod.it / religioni_di_arelia.htm
101.08.08 11:30 B D:\SITO PUBBLICATO ARELIA\Panteon.htm --> ftp.tripod.it / Panteon.htm
101.08.08 11:34 B D:\SITO PUBBLICATO ARELIA\religioni_di_arelia.htm --> ftp.tripod.it / religioni_di_arelia.htm
101.08.08 15:31 B D:\SITO PUBBLICATO ARELIA\sommario.htm --> ftp.tripod.it / sommario.htm
101.08.08 15:32 B D:\SITO PUBBLICATO ARELIA\Player1.htm --> ftp.tripod.it / Player1.htm
101.08.08 15:33 B D:\SITO PUBBLICATO ARELIA\personaggi_giocanti.htm --> ftp.tripod.it / personaggi_giocanti.htm
101.08.08 15:46 B D:\SITO PUBBLICATO ARELIA\sommario.htm --> ftp.tripod.it / sommario.htm
101.08.08 15:58 B D:\SITO PUBBLICATO ARELIA\Player1.htm --> ftp.tripod.it / Player1.htm
101.08.08 16:03 B D:\SITO PUBBLICATO ARELIA\Player1.htm --> ftp.tripod.it / Player1.htm
101.08.08 18:18 B D:\SITO PUBBLICATO ARELIA\Player1.htm --> ftp.tripod.it / Player1.htm
101.08.13 10:25 B D:\SITO PUBBLICATO ARELIA\araldica_southland.htm --> ftp.tripod.it / araldica_southland.htm
101.08.13 10:26 B D:\SITO PUBBLICATO ARELIA\araldica_southland.htm --> ftp.tripod.it / araldica_southland.htm
101.08.13 10:38 B D:\SITO PUBBLICATO ARELIA\araldica_southland.htm --> ftp.tripod.it / araldica_southland.htm
101.08.13 10:47 B D:\SITO PUBBLICATO ARELIA\sommario.htm --> ftp.tripod.it / sommario.htm
101.08.13 10:48 B D:\SITO PUBBLICATO ARELIA\sommario.htm --> ftp.tripod.it / sommario.htm
101.08.13 10:50 B D:\SITO PUBBLICATO ARELIA\sommario.htm --> ftp.tripod.it / sommario.htm
101.08.13 10:58 B D:\SITO PUBBLICATO ARELIA\sommario.htm --> ftp.tripod.it /Dawnload sommario.htm
101.08.13 12:52 B D:\SITO PUBBLICATO ARELIA\sommario.htm --> ftp.tripod.it / sommario.htm
101.08.24 11:44 B D:\SITO PUBBLICATO ARELIA\introduzione.htm --> ftp.tripod.it / introduzione.htm
101.08.24 11:48 B D:\SITO PUBBLICATO ARELIA\sommario.htm --> ftp.tripod.it / sommario.htm
101.08.24 11:50 B D:\SITO PUBBLICATO ARELIA\sommario.htm --> ftp.tripod.it / sommario.htm
101.08.24 12:21 B D:\SITO PUBBLICATO ARELIA\background_green.jpg --> ftp.tripod.it /images background_green.jpg
101.08.24 12:21 B D:\SITO PUBBLICATO ARELIA\sommario.htm --> ftp.tripod.it / sommario.htm
101.08.24 12:21 B D:\SITO PUBBLICATO ARELIA\links.htm --> ftp.tripod.it / links.htm
101.08.27 20:27 B D:\SITO PUBBLICATO ARELIA\player2.htm --> ftp.tripod.it / player2.htm
101.08.28 10:59 B D:\SITO PUBBLICATO ARELIA\clima.htm --> ftp.tripod.it / clima.htm
101.08.28 11:00 B D:\SITO PUBBLICATO ARELIA\giornotte.htm --> ftp.tripod.it / giornotte.htm
101.08.28 11:01 B D:\SITO PUBBLICATO ARELIA\geografia_di_arelia.htm --> ftp.tripod.it / geografia_di_arelia.htm
101.08.28 11:19 B D:\SITO PUBBLICATO ARELIA\clima.htm --> ftp.tripod.it / clima.htm
101.08.28 11:19 B D:\SITO PUBBLICATO ARELIA\geografia_di_arelia.htm --> ftp.tripod.it / geografia_di_arelia.htm
101.08.28 11:20 B D:\SITO PUBBLICATO ARELIA\mappa_generale.htm --> ftp.tripod.it / mappa_generale.htm
101.08.28 11:22 B D:\SITO PUBBLICATO ARELIA\mappa_generale.htm --> ftp.tripod.it / mappa_generale.htm
101.08.28 15:32 B D:\SITO PUBBLICATO ARELIA\clima.htm --> ftp.tripod.it / clima.htm
101.08.28 15:32 B D:\SITO PUBBLICATO ARELIA\eram.htm --> ftp.tripod.it / eram.htm
101.08.28 15:34 B D:\SITO PUBBLICATO ARELIA\paladini.htm --> ftp.tripod.it / paladini.htm
101.08.28 15:35 B D:\SITO PUBBLICATO ARELIA\riti.htm --> ftp.tripod.it / riti.htm
101.08.28 15:39 B D:\SITO PUBBLICATO ARELIA\Panteon.htm --> ftp.tripod.it / Panteon.htm
101.08.28 15:50 B D:\SITO PUBBLICATO ARELIA\eram.htm --> ftp.tripod.it / eram.htm
101.08.28 15:52 B D:\SITO PUBBLICATO ARELIA\tanatos.htm --> ftp.tripod.it / tanatos.htm
101.08.28 22:58 B D:\SITO PUBBLICATO ARELIA\Player1.htm --> ftp.tripod.it / Player1.htm
101.08.28 22:58 B D:\SITO PUBBLICATO ARELIA\player2.htm --> ftp.tripod.it / player2.htm
101.08.28 22:58 B D:\SITO PUBBLICATO ARELIA\player3.htm --> ftp.tripod.it / player3.htm
101.08.28 22:58 B D:\SITO PUBBLICATO ARELIA\player4.htm --> ftp.tripod.it / player4.htm
101.08.28 22:58 B D:\SITO PUBBLICATO ARELIA\player5.htm --> ftp.tripod.it / player5.htm
101.08.28 22:58 B D:\SITO PUBBLICATO ARELIA\player6.htm --> ftp.tripod.it / player6.htm
101.08.28 22:58 B D:\SITO PUBBLICATO ARELIA\personaggi_giocanti.htm --> ftp.tripod.it / personaggi_giocanti.htm
101.08.28 22:59 B D:\SITO PUBBLICATO ARELIA\araldica_southland.htm --> ftp.tripod.it / araldica_southland.htm
101.08.28 22:59 B D:\SITO PUBBLICATO ARELIA\giornotte.htm --> ftp.tripod.it / giornotte.htm
101.08.29 09:38 B D:\SITO PUBBLICATO ARELIA\difensori.htm --> ftp.tripod.it / difensori.htm
101.08.29 10:33 B D:\SITO PUBBLICATO ARELIA\le_fate_nellarco.jpg --> ftp.tripod.it /images le_fate_nellarco.jpg
101.08.29 10:33 B D:\SITO PUBBLICATO ARELIA\geografia_di_arelia.htm --> ftp.tripod.it / geografia_di_arelia.htm
101.08.29 10:33 B D:\SITO PUBBLICATO ARELIA\sommario.htm --> ftp.tripod.it / sommario.htm
101.08.29 11:35 B D:\SITO PUBBLICATO ARELIA\sommario.htm --> ftp.tripod.it / sommario.htm
101.08.29 11:37 B D:\SITO PUBBLICATO ARELIA\Index.htm --> ftp.tripod.it / Index.htm
101.08.29 11:58 B D:\SITO PUBBLICATO ARELIA\sommario.htm --> ftp.tripod.it / sommario.htm
101.08.29 12:06 B D:\SITO PUBBLICATO ARELIA\sommario.htm --> ftp.tripod.it / sommario.htm
101.08.29 12:10 B D:\SITO PUBBLICATO ARELIA\sommario.htm --> ftp.tripod.it / sommario.htm
101.08.29 12:17 B D:\SITO PUBBLICATO ARELIA\sommario.htm --> ftp.tripod.it / sommario.htm
101.08.31 21:10 B D:\SITO PUBBLICATO ARELIA\introduzione.htm --> ftp.tripod.it / introduzione.htm
101.08.31 21:12 B D:\SITO PUBBLICATO ARELIA\viaggiatore.htm --> ftp.tripod.it / viaggiatore.htm
101.09.01 03:36 B D:\SITO PUBBLICATO ARELIA\Index.htm --> ftp.tripod.it / Index.htm
101.09.01 03:36 B D:\SITO PUBBLICATO ARELIA\sommario.htm --> ftp.tripod.it / sommario.htm
101.09.01 03:40 B D:\SITO PUBBLICATO ARELIA\sommario.htm --> ftp.tripod.it / sommario.htm
101.09.01 03:41 B D:\SITO PUBBLICATO ARELIA\mostri.htm --> ftp.tripod.it / mostri.htm
101.09.01 03:41 B D:\SITO PUBBLICATO ARELIA\cavalieren.htm --> ftp.tripod.it / cavalieren.htm
101.09.01 03:45 B D:\SITO PUBBLICATO ARELIA\mostri.htm --> ftp.tripod.it / mostri.htm
101.09.01 03:49 B D:\SITO PUBBLICATO ARELIA\mostri.htm --> ftp.tripod.it / mostri.htm
101.09.01 13:10 B D:\SITO PUBBLICATO ARELIA\cavalieren.htm --> ftp.tripod.it / cavalieren.htm
101.09.02 13:25 B D:\SITO PUBBLICATO ARELIA\introduzione.htm --> ftp.tripod.it / introduzione.htm
101.09.02 13:26 B D:\SITO PUBBLICATO ARELIA\tanatos.htm --> ftp.tripod.it / tanatos.htm
101.09.02 13:26 B D:\SITO PUBBLICATO ARELIA\tanatospell.htm --> ftp.tripod.it / tanatospell.htm
101.09.02 13:33 B D:\SITO PUBBLICATO ARELIA\tanatos.htm --> ftp.tripod.it / tanatos.htm
101.09.02 15:09 B D:\SITO PUBBLICATO ARELIA\tanatospell.htm --> ftp.tripod.it / tanatospell.htm
101.09.04 00:13 B D:\SITO PUBBLICATO ARELIA\Player1.htm --> ftp.tripod.it / Player1.htm
101.09.04 00:13 B D:\SITO PUBBLICATO ARELIA\player2.htm --> ftp.tripod.it / player2.htm
101.09.04 00:13 B D:\SITO PUBBLICATO ARELIA\player3.htm --> ftp.tripod.it / player3.htm
101.09.04 00:14 B D:\SITO PUBBLICATO ARELIA\player4.htm --> ftp.tripod.it / player4.htm
101.09.04 00:14 B D:\SITO PUBBLICATO ARELIA\player5.htm --> ftp.tripod.it / player5.htm
101.09.04 00:14 B D:\SITO PUBBLICATO ARELIA\player6.htm --> ftp.tripod.it / player6.htm
101.09.04 00:14 B D:\SITO PUBBLICATO ARELIA\player7.htm --> ftp.tripod.it / player7.htm
101.09.04 11:51 B D:\SITO PUBBLICATO ARELIA\introduzione.htm --> ftp.tripod.it / introduzione.htm
101.09.04 11:55 B D:\SITO PUBBLICATO ARELIA\ducato_di_southland.htm --> ftp.tripod.it / ducato_di_southland.htm
101.09.04 20:24 B D:\SITO PUBBLICATO ARELIA\lokyspell.htm --> ftp.tripod.it / lokyspell.htm
101.09.04 20:25 B D:\SITO PUBBLICATO ARELIA\vocespell.htm --> ftp.tripod.it / vocespell.htm
101.09.05 20:53 B D:\SITO PUBBLICATO ARELIA\tanatospell.htm --> ftp.tripod.it / tanatospell.htm
101.09.10 22:28 B D:\SITO PUBBLICATO ARELIA\cimitero.htm --> ftp.tripod.it / cimitero.htm
101.09.10 22:36 B D:\SITO PUBBLICATO ARELIA\introduzione.htm --> ftp.tripod.it / introduzione.htm
101.09.10 22:38 B D:\SITO PUBBLICATO ARELIA\cimitero.htm --> ftp.tripod.it / cimitero.htm
101.09.10 23:13 B D:\SITO PUBBLICATO ARELIA\cimitero.htm --> ftp.tripod.it / cimitero.htm
101.09.10 23:47 B D:\SITO PUBBLICATO ARELIA\cimitero.htm --> ftp.tripod.it / cimitero.htm
101.09.10 23:49 B D:\SITO PUBBLICATO ARELIA\clima.htm --> ftp.tripod.it / clima.htm
101.09.10 23:50 B D:\SITO PUBBLICATO ARELIA\crow.wav --> ftp.tripod.it / crow.wav
101.09.10 23:55 B D:\SITO PUBBLICATO ARELIA\cimitero.htm --> ftp.tripod.it / cimitero.htm
101.09.11 13:06 B D:\SITO PUBBLICATO ARELIA\introduzione.htm --> ftp.tripod.it / introduzione.htm
101.09.11 13:06 B D:\SITO PUBBLICATO ARELIA\sommario.htm --> ftp.tripod.it / sommario.htm
101.09.11 13:06 B D:\SITO PUBBLICATO ARELIA\fonts.htm --> ftp.tripod.it / fonts.htm
101.09.11 13:18 B D:\SITO PUBBLICATO ARELIA\fonts.htm --> ftp.tripod.it / fonts.htm
101.09.11 13:24 B D:\SITO PUBBLICATO ARELIA\cimitero.htm --> ftp.tripod.it / cimitero.htm
101.09.11 13:29 B D:\SITO PUBBLICATO ARELIA\fonts.htm --> ftp.tripod.it / fonts.htm
101.09.13 10:54 B D:\SITO PUBBLICATO ARELIA\links.htm --> ftp.tripod.it / links.htm
101.09.13 17:53 B D:\SITO PUBBLICATO ARELIA\introduzione.htm --> ftp.tripod.it / introduzione.htm
101.09.14 01:44 B D:\SITO PUBBLICATO ARELIA\player6.htm --> ftp.tripod.it / player6.htm
101.09.14 01:44 B D:\SITO PUBBLICATO ARELIA\introduzione.htm --> ftp.tripod.it / introduzione.htm
101.09.14 01:44 B D:\SITO PUBBLICATO ARELIA\personaggi_giocanti.htm --> ftp.tripod.it / personaggi_giocanti.htm
101.09.14 01:51 B D:\SITO PUBBLICATO ARELIA\cimitero.htm --> ftp.tripod.it / cimitero.htm
101.09.15 14:47 B D:\SITO PUBBLICATO ARELIA\introduzione.htm --> ftp.tripod.it / introduzione.htm
101.09.15 14:48 B D:\SITO PUBBLICATO ARELIA\magia.htm --> ftp.tripod.it / magia.htm
101.09.15 14:48 B D:\SITO PUBBLICATO ARELIA\scuole_di_magia.htm --> ftp.tripod.it / scuole_di_magia.htm
101.09.15 14:49 B D:\SITO PUBBLICATO ARELIA\circolop.htm --> ftp.tripod.it / circolop.htm
101.09.15 14:49 B D:\SITO PUBBLICATO ARELIA\sommario.htm --> ftp.tripod.it / sommario.htm
101.09.15 14:50 B D:\SITO PUBBLICATO ARELIA\armielotta.htm --> ftp.tripod.it / armielotta.htm
101.09.15 14:50 B D:\SITO PUBBLICATO ARELIA\Storia.htm --> ftp.tripod.it / Storia.htm
101.09.15 20:23 B D:\SITO PUBBLICATO ARELIA\personaggi_giocanti.htm --> ftp.tripod.it / personaggi_giocanti.htm
101.09.16 15:40 B D:\SITO PUBBLICATO ARELIA\introduzione.htm --> ftp.tripod.it / introduzione.htm
101.09.16 15:42 B D:\SITO PUBBLICATO ARELIA\mappa_ducatos.htm --> ftp.tripod.it / mappa_ducatos.htm
101.09.16 15:51 B D:\SITO PUBBLICATO ARELIA\geografia_di_arelia.htm --> ftp.tripod.it / geografia_di_arelia.htm
101.09.16 15:53 B D:\SITO PUBBLICATO ARELIA\mappe_south.htm --> ftp.tripod.it / mappe_south.htm
101.09.19 15:42 B D:\SITO PUBBLICATO ARELIA\personaggi_giocanti.htm --> ftp.tripod.it / personaggi_giocanti.htm
101.09.19 15:42 B D:\SITO PUBBLICATO ARELIA\player5.htm --> ftp.tripod.it / player5.htm
101.09.19 15:42 B D:\SITO PUBBLICATO ARELIA\player6.htm --> ftp.tripod.it / player6.htm
101.09.19 15:42 B D:\SITO PUBBLICATO ARELIA\player4.htm --> ftp.tripod.it / player4.htm
101.09.19 15:42 B D:\SITO PUBBLICATO ARELIA\player3.htm --> ftp.tripod.it / player3.htm
101.09.19 15:42 B D:\SITO PUBBLICATO ARELIA\Player1.htm --> ftp.tripod.it / Player1.htm
101.09.20 20:04 B D:\SITO PUBBLICATO ARELIA\tanatos.htm --> ftp.tripod.it / tanatos.htm
101.09.20 20:06 B D:\SITO PUBBLICATO ARELIA\circolop.htm --> ftp.tripod.it / circolop.htm
101.09.20 20:08 B D:\SITO PUBBLICATO ARELIA\loky.htm --> ftp.tripod.it / loky.htm
101.09.22 12:56 B D:\SITO PUBBLICATO ARELIA\lokyspell.htm --> ftp.tripod.it / lokyspell.htm
101.09.22 12:56 B D:\SITO PUBBLICATO ARELIA\automatons.htm --> ftp.tripod.it / automatons.htm
101.09.22 12:56 B D:\SITO PUBBLICATO ARELIA\loky.htm --> ftp.tripod.it / loky.htm
101.09.22 12:57 B D:\SITO PUBBLICATO ARELIA\mostri.htm --> ftp.tripod.it / mostri.htm
101.09.22 13:04 B D:\SITO PUBBLICATO ARELIA\mostri.htm --> ftp.tripod.it / mostri.htm
101.09.22 15:39 B D:\SITO PUBBLICATO ARELIA\araldica_southland.htm --> ftp.tripod.it / araldica_southland.htm
101.09.22 15:39 B D:\SITO PUBBLICATO ARELIA\ducato_di_southland.htm --> ftp.tripod.it / ducato_di_southland.htm
101.09.22 15:39 B D:\SITO PUBBLICATO ARELIA\dettaglisoutland.htm --> ftp.tripod.it / dettaglisoutland.htm
101.09.22 15:39 B D:\SITO PUBBLICATO ARELIA\tanatossouthland.htm --> ftp.tripod.it / tanatossouthland.htm
101.09.22 15:39 B D:\SITO PUBBLICATO ARELIA\introduzione.htm --> ftp.tripod.it / introduzione.htm
101.09.24 00:10 B D:\SITO PUBBLICATO ARELIA\personaggi_giocanti.htm --> ftp.tripod.it / personaggi_giocanti.htm
101.09.24 00:10 B D:\SITO PUBBLICATO ARELIA\automatons.htm --> ftp.tripod.it / automatons.htm
101.09.24 00:11 B D:\SITO PUBBLICATO ARELIA\loky.htm --> ftp.tripod.it / loky.htm
101.09.24 00:11 B D:\SITO PUBBLICATO ARELIA\player2.htm --> ftp.tripod.it / player2.htm
101.09.24 00:11 B D:\SITO PUBBLICATO ARELIA\tanatossouthland.htm --> ftp.tripod.it / tanatossouthland.htm
101.09.24 22:40 B D:\SITO PUBBLICATO ARELIA\personaggi_giocanti.htm --> ftp.tripod.it / personaggi_giocanti.htm
101.09.24 22:40 B D:\SITO PUBBLICATO ARELIA\player4.htm --> ftp.tripod.it / player4.htm
101.09.24 22:41 B D:\SITO PUBBLICATO ARELIA\player6.htm --> ftp.tripod.it / player6.htm
101.10.03 15:15 B D:\SITO PUBBLICATO ARELIA\lokyspell.htm --> ftp.tripod.it / lokyspell.htm
101.10.03 15:15 B D:\SITO PUBBLICATO ARELIA\tanatospell.htm --> ftp.tripod.it / tanatospell.htm
101.10.03 15:16 B D:\SITO PUBBLICATO ARELIA\tanatos.htm --> ftp.tripod.it / tanatos.htm
101.10.03 15:16 B D:\SITO PUBBLICATO ARELIA\player4.htm --> ftp.tripod.it / player4.htm
101.10.03 15:16 B D:\SITO PUBBLICATO ARELIA\player6.htm --> ftp.tripod.it / player6.htm
101.10.03 15:16 B D:\SITO PUBBLICATO ARELIA\player2.htm --> ftp.tripod.it / player2.htm
101.10.03 15:16 B D:\SITO PUBBLICATO ARELIA\Player1.htm --> ftp.tripod.it / Player1.htm
101.10.03 15:16 B D:\SITO PUBBLICATO ARELIA\dettaglisoutland.htm --> ftp.tripod.it / dettaglisoutland.htm
101.10.03 15:16 B D:\SITO PUBBLICATO ARELIA\loky.htm --> ftp.tripod.it / loky.htm
101.10.03 15:16 B D:\SITO PUBBLICATO ARELIA\personaggi_giocanti.htm --> ftp.tripod.it / personaggi_giocanti.htm
101.10.03 15:16 B D:\SITO PUBBLICATO ARELIA\player3.htm --> ftp.tripod.it / player3.htm
101.10.03 15:16 B D:\SITO PUBBLICATO ARELIA\lokyriti.htm --> ftp.tripod.it / lokyriti.htm
101.10.03 15:16 B D:\SITO PUBBLICATO ARELIA\lockout.wav --> ftp.tripod.it / lockout.wav
101.10.03 15:17 B D:\SITO PUBBLICATO ARELIA\circolop.htm --> ftp.tripod.it / circolop.htm
101.10.03 15:17 B D:\SITO PUBBLICATO ARELIA\scuola_invocazione.htm --> ftp.tripod.it / scuola_invocazione.htm
101.10.07 10:51 B D:\SITO PUBBLICATO ARELIA\immagini.htm --> ftp.tripod.it / immagini.htm
101.10.07 10:51 B D:\SITO PUBBLICATO ARELIA\links.htm --> ftp.tripod.it / links.htm
101.10.07 10:51 B D:\SITO PUBBLICATO ARELIA\sommario.htm --> ftp.tripod.it / sommario.htm
101.10.07 10:51 B D:\SITO PUBBLICATO ARELIA\arlinir.htm --> ftp.tripod.it / arlinir.htm
101.10.07 10:51 B D:\SITO PUBBLICATO ARELIA\introduzione.htm --> ftp.tripod.it / introduzione.htm
101.10.07 10:51 B D:\SITO PUBBLICATO ARELIA\nuova_pagina_1.htm --> ftp.tripod.it / nuova_pagina_1.htm
101.10.07 10:51 B D:\SITO PUBBLICATO ARELIA\cavalieren.htm --> ftp.tripod.it / cavalieren.htm
101.10.07 10:51 B D:\SITO PUBBLICATO ARELIA\mostri.htm --> ftp.tripod.it / mostri.htm
101.10.07 10:51 B D:\SITO PUBBLICATO ARELIA\tanatospell.htm --> ftp.tripod.it / tanatospell.htm
101.10.07 10:51 B D:\SITO PUBBLICATO ARELIA\personaggi_giocanti.htm --> ftp.tripod.it / personaggi_giocanti.htm
101.10.07 11:01 B D:\SITO PUBBLICATO ARELIA\sommario.htm --> ftp.tripod.it / sommario.htm
101.10.07 11:27 B D:\SITO PUBBLICATO ARELIA\sommario.htm --> ftp.tripod.it / sommario.htm
101.11.09 02:01 B D:\SITO PUBBLICATO ARELIA\cimitero.htm --> ftp.tripod.it / cimitero.htm
101.11.10 17:59 B D:\SITO PUBBLICATO ARELIA\introduzione.htm --> ftp.tripod.it / introduzione.htm
101.11.10 17:59 B D:\SITO PUBBLICATO ARELIA\arlinirspell.htm --> ftp.tripod.it / arlinirspell.htm
101.11.10 17:59 B D:\SITO PUBBLICATO ARELIA\lokyspell.htm --> ftp.tripod.it / lokyspell.htm
101.11.10 18:00 B D:\SITO PUBBLICATO ARELIA\tanatospell.htm --> ftp.tripod.it / tanatospell.htm
101.11.10 18:00 B D:\SITO PUBBLICATO ARELIA\Poteri.htm --> ftp.tripod.it / Poteri.htm
101.11.10 18:00 B D:\SITO PUBBLICATO ARELIA\paladini.htm --> ftp.tripod.it / paladini.htm
101.11.10 18:01 B D:\SITO PUBBLICATO ARELIA\tanatos_paladin_powers.htm --> ftp.tripod.it / tanatos_paladin_powers.htm
101.11.10 18:01 B D:\SITO PUBBLICATO ARELIA\loky.htm --> ftp.tripod.it / loky.htm
101.11.10 18:01 B D:\SITO PUBBLICATO ARELIA\links.htm --> ftp.tripod.it / links.htm
101.11.10 18:01 B D:\SITO PUBBLICATO ARELIA\cimitero.htm --> ftp.tripod.it / cimitero.htm
101.11.11 20:06 B D:\SITO PUBBLICATO ARELIA\player4.htm --> ftp.tripod.it / player4.htm
101.11.11 20:06 B D:\SITO PUBBLICATO ARELIA\personaggi_giocanti.htm --> ftp.tripod.it / personaggi_giocanti.htm
101.11.11 20:36 B D:\SITO PUBBLICATO ARELIA\cimitero.htm --> ftp.tripod.it / cimitero.htm
101.11.11 20:36 B D:\SITO PUBBLICATO ARELIA\player2_oscar.htm --> ftp.tripod.it / player2_oscar.htm
101.11.11 20:36 B D:\SITO PUBBLICATO ARELIA\personaggi_giocanti.htm --> ftp.tripod.it / personaggi_giocanti.htm
101.11.16 15:01 B D:\SITO PUBBLICATO ARELIA\personaggi_giocanti.htm --> ftp.tripod.it / personaggi_giocanti.htm
101.11.16 15:02 B D:\SITO PUBBLICATO ARELIA\player7.htm --> ftp.tripod.it / player7.htm
101.11.16 15:02 B D:\SITO PUBBLICATO ARELIA\loky.htm --> ftp.tripod.it / loky.htm
101.11.17 18:02 B D:\SITO PUBBLICATO ARELIA\introduzione.htm --> ftp.tripod.it / introduzione.htm
101.11.17 18:02 B D:\SITO PUBBLICATO ARELIA\nuove_regole.htm --> ftp.tripod.it / nuove_regole.htm
101.11.17 18:02 B D:\SITO PUBBLICATO ARELIA\sommario.htm --> ftp.tripod.it / sommario.htm
101.11.17 18:02 B D:\SITO PUBBLICATO ARELIA\armielotta.htm --> ftp.tripod.it / armielotta.htm
101.11.17 18:02 B D:\SITO PUBBLICATO ARELIA\Player1.htm --> ftp.tripod.it / Player1.htm
101.11.17 18:10 B D:\SITO PUBBLICATO ARELIA\nuove_regole.htm --> ftp.tripod.it / nuove_regole.htm
101.11.19 16:01 B D:\SITO PUBBLICATO ARELIA\introduzione.htm --> ftp.tripod.it / introduzione.htm
101.11.19 16:02 B D:\SITO PUBBLICATO ARELIA\attacchi_speciali.htm --> ftp.tripod.it / attacchi_speciali.htm
101.11.19 16:02 B D:\SITO PUBBLICATO ARELIA\armielotta.htm --> ftp.tripod.it / armielotta.htm
101.11.19 16:02 B D:\SITO PUBBLICATO ARELIA\nuova_pagina_2.htm --> ftp.tripod.it / nuova_pagina_2.htm
101.11.19 16:03 B D:\SITO PUBBLICATO ARELIA\corazze_costruire.htm --> ftp.tripod.it / corazze_costruire.htm
101.11.19 16:03 B D:\SITO PUBBLICATO ARELIA\nuove_regole.htm --> ftp.tripod.it / nuove_regole.htm
101.11.19 16:04 B D:\SITO PUBBLICATO ARELIA\corazze_costruire.htm --> ftp.tripod.it / corazze_costruire.htm
101.11.19 16:04 B D:\SITO PUBBLICATO ARELIA\nuove_regole.htm --> ftp.tripod.it / nuove_regole.htm
101.11.19 16:04 B D:\SITO PUBBLICATO ARELIA\corazze.htm --> ftp.tripod.it / corazze.htm
101.11.19 16:04 B D:\SITO PUBBLICATO ARELIA\nuova_pagina_2.htm --> ftp.tripod.it / nuova_pagina_2.htm
101.11.21 12:00 B D:\SITO PUBBLICATO ARELIA\cimitero.htm --> ftp.tripod.it / cimitero.htm
101.11.21 12:00 B D:\SITO PUBBLICATO ARELIA\corazze_costruire.htm --> ftp.tripod.it / corazze_costruire.htm
101.11.21 12:00 B D:\SITO PUBBLICATO ARELIA\personaggi_giocanti.htm --> ftp.tripod.it / personaggi_giocanti.htm
101.11.25 11:22 B D:\SITO PUBBLICATO ARELIA\links.htm --> ftp.tripod.it / links.htm
101.11.28 21:35 B D:\SITO PUBBLICATO ARELIA\Storia.htm --> ftp.tripod.it / Storia.htm
101.11.28 21:36 B D:\SITO PUBBLICATO ARELIA\geografia_di_arelia.htm --> ftp.tripod.it / geografia_di_arelia.htm
101.11.28 21:36 B D:\SITO PUBBLICATO ARELIA\introduzione.htm --> ftp.tripod.it / introduzione.htm
101.11.28 21:37 B D:\SITO PUBBLICATO ARELIA\personaggi_giocanti.htm --> ftp.tripod.it / personaggi_giocanti.htm
101.12.03 15:34 B D:\SITO PUBBLICATO ARELIA\mappa_generale.htm --> ftp.tripod.it / mappa_generale.htm
101.12.03 15:34 B D:\SITO PUBBLICATO ARELIA\introduzione.htm --> ftp.tripod.it / introduzione.htm
101.12.03 15:35 B D:\SITO PUBBLICATO ARELIA\Index.htm --> ftp.tripod.it / Index.htm
101.12.03 15:35 B D:\SITO PUBBLICATO ARELIA\geografia_di_arelia.htm --> ftp.tripod.it / geografia_di_arelia.htm
101.12.03 15:35 B D:\SITO PUBBLICATO ARELIA\attacchi_speciali.htm --> ftp.tripod.it / attacchi_speciali.htm
101.12.03 15:36 B D:\SITO PUBBLICATO ARELIA\armielotta.htm --> ftp.tripod.it / armielotta.htm
101.12.03 15:36 B D:\SITO PUBBLICATO ARELIA\personaggi_giocanti.htm --> ftp.tripod.it / personaggi_giocanti.htm
101.12.03 15:36 B D:\SITO PUBBLICATO ARELIA\player8_francesco.htm --> ftp.tripod.it / player8_francesco.htm
101.12.03 15:36 B D:\SITO PUBBLICATO ARELIA\player4.htm --> ftp.tripod.it / player4.htm
101.12.03 15:36 B D:\SITO PUBBLICATO ARELIA\player3_leandro.htm --> ftp.tripod.it / player3_leandro.htm
101.12.03 15:36 B D:\SITO PUBBLICATO ARELIA\Player1.htm --> ftp.tripod.it / Player1.htm
101.12.04 11:09 B D:\SITO PUBBLICATO ARELIA\loky.htm --> ftp.tripod.it / loky.htm
101.12.04 11:10 B D:\SITO PUBBLICATO ARELIA\lokyspell.htm --> ftp.tripod.it / lokyspell.htm
101.12.04 11:10 B D:\SITO PUBBLICATO ARELIA\mappa_generale.htm --> ftp.tripod.it / mappa_generale.htm
101.12.04 11:10 B D:\SITO PUBBLICATO ARELIA\geografia_di_arelia.htm --> ftp.tripod.it / geografia_di_arelia.htm
101.12.04 14:37 B D:\SITO PUBBLICATO ARELIA\attacchi_speciali.htm --> ftp.tripod.it / attacchi_speciali.htm
101.12.06 19:23 B D:\SITO PUBBLICATO ARELIA\personaggi_giocanti.htm --> ftp.tripod.it / personaggi_giocanti.htm
101.12.06 19:23 B D:\SITO PUBBLICATO ARELIA\lokyspell.htm --> ftp.tripod.it / lokyspell.htm
101.12.06 19:23 B D:\SITO PUBBLICATO ARELIA\Index.htm --> ftp.tripod.it / Index.htm
101.12.06 19:24 B D:\SITO PUBBLICATO ARELIA\attacchi_speciali.htm --> ftp.tripod.it / attacchi_speciali.htm
101.12.11 19:25 B D:\SITO PUBBLICATO ARELIA\loky.htm --> ftp.tripod.it / loky.htm
101.12.11 19:25 B D:\SITO PUBBLICATO ARELIA\player8_francesco.htm --> ftp.tripod.it / player8_francesco.htm
101.12.11 19:26 B D:\SITO PUBBLICATO ARELIA\player3_leandro.htm --> ftp.tripod.it / player3_leandro.htm
101.12.11 19:26 B D:\SITO PUBBLICATO ARELIA\personaggi_giocanti.htm --> ftp.tripod.it / personaggi_giocanti.htm
101.12.11 19:26 B D:\SITO PUBBLICATO ARELIA\Index.htm --> ftp.tripod.it / Index.htm
101.12.17 21:31 B D:\SITO PUBBLICATO ARELIA\regole_magiche.htm --> ftp.tripod.it / regole_magiche.htm
101.12.17 21:32 B D:\SITO PUBBLICATO ARELIA\magia.htm --> ftp.tripod.it / magia.htm
101.12.18 14:28 B D:\SITO PUBBLICATO ARELIA\sistema_dei_punti_magia.htm --> ftp.tripod.it / sistema_dei_punti_magia.htm
101.12.27 20:27 B D:\SITO PUBBLICATO ARELIA\introduzione.htm --> ftp.tripod.it / introduzione.htm
101.12.27 20:29 B D:\SITO PUBBLICATO ARELIA\lista1.htm --> ftp.tripod.it / lista1.htm
101.12.27 20:29 B D:\SITO PUBBLICATO ARELIA\incantesimi.htm --> ftp.tripod.it / incantesimi.htm
101.12.27 20:30 B D:\SITO PUBBLICATO ARELIA\magia.htm --> ftp.tripod.it / magia.htm
101.12.27 20:30 B D:\SITO PUBBLICATO ARELIA\oggetti_magici.htm --> ftp.tripod.it / oggetti_magici.htm
101.12.27 20:30 B D:\SITO PUBBLICATO ARELIA\loky.htm --> ftp.tripod.it / loky.htm
101.12.27 20:31 B D:\SITO PUBBLICATO ARELIA\lokyscroll.htm --> ftp.tripod.it / lokyscroll.htm
101.12.27 20:31 B D:\SITO PUBBLICATO ARELIA\i_gradi_di_magia.htm --> ftp.tripod.it / i_gradi_di_magia.htm
101.12.27 20:32 B D:\SITO PUBBLICATO ARELIA\regole_magiche.htm --> ftp.tripod.it / regole_magiche.htm
102.01.03 18:03 B D:\SITO PUBBLICATO ARELIA\introduzione.htm --> ftp.tripod.it / introduzione.htm
102.01.03 18:03 B D:\SITO PUBBLICATO ARELIA\regole_magiche.htm --> ftp.tripod.it / regole_magiche.htm
102.01.03 18:04 B D:\SITO PUBBLICATO ARELIA\inventare_nuovo_spell.htm --> ftp.tripod.it / inventare_nuovo_spell.htm
102.01.03 18:42 B D:\SITO PUBBLICATO ARELIA\incantesimi.htm --> ftp.tripod.it / incantesimi.htm
102.01.03 18:45 B D:\SITO PUBBLICATO ARELIA\incantesimi.htm --> ftp.tripod.it / incantesimi.htm
102.01.14 15:45 B D:\SITO PUBBLICATO ARELIA\introduzione.htm --> ftp.tripod.it / introduzione.htm
102.01.14 15:45 B D:\SITO PUBBLICATO ARELIA\scuola_invocazione.htm --> ftp.tripod.it / scuola_invocazione.htm
102.01.15 11:48 B D:\SITO PUBBLICATO ARELIA\personaggi_giocanti.htm --> ftp.tripod.it / personaggi_giocanti.htm
102.02.05 18:59 B D:\SITO PUBBLICATO ARELIA\loky.htm --> ftp.tripod.it / loky.htm
102.02.05 19:00 B D:\SITO PUBBLICATO ARELIA\introduzione.htm --> ftp.tripod.it / introduzione.htm
102.02.05 19:00 B D:\SITO PUBBLICATO ARELIA\mappa_generale.htm --> ftp.tripod.it / mappa_generale.htm
102.02.05 19:01 B D:\SITO PUBBLICATO ARELIA\Storia.htm --> ftp.tripod.it / Storia.htm
102.02.05 19:01 B D:\SITO PUBBLICATO ARELIA\racconti_areliani.htm --> ftp.tripod.it / racconti_areliani.htm
102.02.05 19:02 B D:\SITO PUBBLICATO ARELIA\personaggi_giocanti.htm --> ftp.tripod.it / personaggi_giocanti.htm
102.02.05 19:51 B D:\SITO PUBBLICATO ARELIA\sommario.htm --> ftp.tripod.it / sommario.htm
102.02.12 13:18 B D:\SITO PUBBLICATO ARELIA\introduzione.htm --> ftp.tripod.it / introduzione.htm
102.02.12 13:18 B D:\SITO PUBBLICATO ARELIA\incantesimi.htm --> ftp.tripod.it / incantesimi.htm
102.02.12 13:19 B D:\SITO PUBBLICATO ARELIA\nuova_pagina_3.htm --> ftp.tripod.it / nuova_pagina_3.htm
102.02.12 13:21 B D:\SITO PUBBLICATO ARELIA\lista1.htm --> ftp.tripod.it / lista1.htm
102.02.12 13:21 B D:\SITO PUBBLICATO ARELIA\personaggi_giocanti.htm --> ftp.tripod.it / personaggi_giocanti.htm
102.02.12 13:21 B D:\SITO PUBBLICATO ARELIA\sommario.htm --> ftp.tripod.it / sommario.htm
102.02.12 13:28 B D:\SITO PUBBLICATO ARELIA\incantesimi.htm --> ftp.tripod.it / incantesimi.htm
102.02.12 13:28 B D:\SITO PUBBLICATO ARELIA\introduzione.htm --> ftp.tripod.it / introduzione.htm
102.02.20 16:14 B D:\SITO PUBBLICATO ARELIA\arlinirspell.htm --> ftp.tripod.it / arlinirspell.htm
102.02.20 16:15 B D:\SITO PUBBLICATO ARELIA\arlinir.htm --> ftp.tripod.it / arlinir.htm
102.02.20 16:15 B D:\SITO PUBBLICATO ARELIA\personaggi_giocanti.htm --> ftp.tripod.it / personaggi_giocanti.htm
102.02.20 16:15 B D:\SITO PUBBLICATO ARELIA\nuova_pagina_2.htm --> ftp.tripod.it / nuova_pagina_2.htm
102.02.20 16:15 B D:\SITO PUBBLICATO ARELIA\corazze_costruire.htm --> ftp.tripod.it / corazze_costruire.htm
2002.08.03 16:16 B D:\Siti internet\Sito di Arelia\SITO PUBBLICATO ARELIA\rods.htm --> ftp.utenti.lycos.it. / rods.htm
2002.08.03 16:16 B D:\Siti internet\Sito di Arelia\SITO PUBBLICATO ARELIA\oggetti_magici.htm --> ftp.utenti.lycos.it. / oggetti_magici.htm
2002.08.03 16:16 B D:\Siti internet\Sito di Arelia\SITO PUBBLICATO ARELIA\scuola_invocazione.htm --> ftp.utenti.lycos.it. / scuola_invocazione.htm
2002.08.03 16:16 B D:\Siti internet\Sito di Arelia\SITO PUBBLICATO ARELIA\circolop.htm --> ftp.utenti.lycos.it. / circolop.htm
2002.08.03 18:56 B D:\Siti internet\Sito di Arelia\SITO PUBBLICATO ARELIA\introduzione.htm --> ftp.utenti.lycos.it. / introduzione.htm
2002.08.03 18:56 B D:\Siti internet\Sito di Arelia\SITO PUBBLICATO ARELIA\ricarica.htm --> ftp.utenti.lycos.it. / ricarica.htm
2002.08.03 18:57 B D:\Siti internet\Sito di Arelia\SITO PUBBLICATO ARELIA\oggetti_magici.htm --> ftp.utenti.lycos.it. / oggetti_magici.htm
2002.08.03 19:09 B D:\Siti internet\Sito di Arelia\SITO PUBBLICATO ARELIA\ricarica.htm --> ftp.utenti.lycos.it. / ricarica.htm
2002.08.03 19:11 B D:\Siti internet\Sito di Arelia\SITO PUBBLICATO ARELIA\ricarica.htm --> ftp.utenti.lycos.it. / ricarica.htm
2002.08.03 19:18 B D:\Siti internet\Sito di Arelia\SITO PUBBLICATO ARELIA\ricarica.htm --> ftp.utenti.lycos.it. / ricarica.htm
2002.08.05 16:18 B D:\Siti internet\Sito di Arelia\SITO PUBBLICATO ARELIA\introduzione.htm --> ftp.utenti.lycos.it. / introduzione.htm
2002.08.05 16:18 B D:\Siti internet\Sito di Arelia\SITO PUBBLICATO ARELIA\Index.htm --> ftp.utenti.lycos.it. / Index.htm
2002.08.05 16:18 B D:\Siti internet\Sito di Arelia\SITO PUBBLICATO ARELIA\scuole_di_magia.htm --> ftp.utenti.lycos.it. / scuole_di_magia.htm
2002.08.05 16:19 B D:\Siti internet\Sito di Arelia\SITO PUBBLICATO ARELIA\Circoli Prot.htm --> ftp.utenti.lycos.it. / Circoli Prot.htm
2002.08.05 16:19 B D:\Siti internet\Sito di Arelia\SITO PUBBLICATO ARELIA\armielotta.htm --> ftp.utenti.lycos.it. / armielotta.htm
2002.08.05 16:30 B D:\Siti internet\Sito di Arelia\SITO PUBBLICATO ARELIA\Index.htm --> ftp.utenti.lycos.it. / Index.htm
2002.08.07 18:24 B D:\Siti internet\Sito di Arelia\SITO PUBBLICATO ARELIA\circoli_prot2.htm --> ftp.utenti.lycos.it. / circoli_prot2.htm
2002.08.07 18:25 B D:\Siti internet\Sito di Arelia\SITO PUBBLICATO ARELIA\Circoli Prot.htm --> ftp.utenti.lycos.it. / Circoli Prot.htm
2002.08.07 18:25 B D:\Siti internet\Sito di Arelia\SITO PUBBLICATO ARELIA\circolop.htm --> ftp.utenti.lycos.it. / circolop.htm
2002.08.07 18:42 B D:\Siti internet\Sito di Arelia\SITO PUBBLICATO ARELIA\circoli_prot2.htm --> ftp.utenti.lycos.it. / circoli_prot2.htm
2002.08.07 18:46 B D:\Siti internet\Sito di Arelia\SITO PUBBLICATO ARELIA\circoli_prot2.htm --> ftp.utenti.lycos.it. / circoli_prot2.htm
2002.08.10 00:33 B D:\Siti internet\Sito di Arelia\SITO PUBBLICATO ARELIA\personaggi_giocanti.htm --> ftp.utenti.lycos.it. / personaggi_giocanti.htm
2002.08.14 20:56 B D:\Siti internet\Sito di Arelia\SITO PUBBLICATO ARELIA\personaggi_giocanti.htm --> ftp.utenti.lycos.it. / personaggi_giocanti.htm
