101.07.25 19:04 B D:\SITI WEB FRONT PAGE\ARELIA\images\ARELIA_SITE_MAP.jpg --> ftp.supereva.it /images ARELIA_SITE_MAP.jpg
101.07.25 19:04 B D:\SITI WEB FRONT PAGE\ARELIA\images\LOGO_ARELIA.jpg --> ftp.supereva.it /images LOGO_ARELIA.jpg
101.07.25 19:04 B D:\SITI WEB FRONT PAGE\ARELIA\images\Scritta_Arelia.jpg --> ftp.supereva.it /images Scritta_Arelia.jpg
101.07.25 21:03 B D:\SITO PUBBLICATO ARELIA\images\ARELIA_SITE_MAP.jpg --> ftp.tripod.it /images ARELIA_SITE_MAP.jpg
101.07.25 21:03 B D:\SITO PUBBLICATO ARELIA\images\LOGO_ARELIA.jpg --> ftp.tripod.it /images LOGO_ARELIA.jpg
101.07.25 21:03 B D:\SITO PUBBLICATO ARELIA\images\Scritta_Arelia.jpg --> ftp.tripod.it /images Scritta_Arelia.jpg
101.07.25 21:04 B D:\SITO PUBBLICATO ARELIA\images\WS_FTP.LOG --> ftp.tripod.it /images WS_FTP.LOG
101.07.25 22:14 B D:\SITO PUBBLICATO ARELIA\images\Folletto_dellacqua.jpg --> ftp.supereva.it /images Folletto_dellacqua.jpg
101.08.05 14:08 B D:\SITO PUBBLICATO ARELIA\images\brazier.gif --> ftp.tripod.it /images brazier.gif
101.08.05 14:08 B D:\SITO PUBBLICATO ARELIA\images\Burnedparch.jpg --> ftp.tripod.it /images Burnedparch.jpg
101.08.05 14:10 B D:\SITO PUBBLICATO ARELIA\images\pergamena_sfondo_1.jpg --> ftp.tripod.it /images pergamena_sfondo_1.jpg
101.08.05 14:11 B D:\SITO PUBBLICATO ARELIA\images\Sign_Intro.gif --> ftp.tripod.it /images Sign_Intro.gif
101.08.07 13:05 B D:\SITO PUBBLICATO ARELIA\images\Scudo_Sinkros.gif --> ftp.tripod.it /images Scudo_Sinkros.gif
101.08.07 13:05 B D:\SITO PUBBLICATO ARELIA\images\Titolo_ducato_southland.jpg --> ftp.tripod.it /images Titolo_ducato_southland.jpg
101.08.07 13:05 B D:\SITO PUBBLICATO ARELIA\images\mappa_riconoscimento_sinkros.jpg --> ftp.tripod.it /images mappa_riconoscimento_sinkros.jpg
101.08.07 18:21 B D:\SITO PUBBLICATO ARELIA\images\Araldica_sign.jpg --> ftp.tripod.it /images Araldica_sign.jpg
101.08.07 18:22 B D:\SITO PUBBLICATO ARELIA\images\Info_generali_sign.jpg --> ftp.tripod.it /images Info_generali_sign.jpg
101.08.08 10:51 B D:\SITO PUBBLICATO ARELIA\images\Cartellino_Camp.gif --> ftp.tripod.it /images Cartellino_Camp.gif
101.08.08 10:51 B D:\SITO PUBBLICATO ARELIA\images\Cartellino_Eroi.gif --> ftp.tripod.it /images Cartellino_Eroi.gif
101.08.08 10:51 B D:\SITO PUBBLICATO ARELIA\images\Scritta_Eroi.gif --> ftp.tripod.it /images Scritta_Eroi.gif
101.08.08 11:16 B D:\SITO PUBBLICATO ARELIA\images\Cartellino_Religioni.gif --> ftp.tripod.it /images Cartellino_Religioni.gif
101.08.08 15:34 B D:\SITO PUBBLICATO ARELIA\images\Cartellino_Scheda_del_pg.gif --> ftp.tripod.it /images Cartellino_Scheda_del_pg.gif
101.08.13 12:48 B D:\SITO PUBBLICATO ARELIA\images\sommario.htm --> ftp.tripod.it / sommario.htm
101.08.13 12:51 B D:\SITO PUBBLICATO ARELIA\images\Cartellino_Storia.gif --> ftp.tripod.it /images Cartellino_Storia.gif
101.08.13 12:51 B D:\SITO PUBBLICATO ARELIA\images\Cartellino_geografia.gif --> ftp.tripod.it /images Cartellino_geografia.gif
101.08.24 11:44 B D:\SITO PUBBLICATO ARELIA\images\Cartellino_Armi.gif --> ftp.tripod.it /images Cartellino_Armi.gif
101.08.24 11:44 B D:\SITO PUBBLICATO ARELIA\images\Cartellino_imm.gif --> ftp.tripod.it /images Cartellino_imm.gif
101.08.24 11:45 B D:\SITO PUBBLICATO ARELIA\images\Cartellino_Intro.gif --> ftp.tripod.it /images Cartellino_Intro.gif
101.08.24 11:45 B D:\SITO PUBBLICATO ARELIA\images\Cartellino_infoult.gif --> ftp.tripod.it /images Cartellino_infoult.gif
101.08.24 11:45 B D:\SITO PUBBLICATO ARELIA\images\Cartellino_magia.gif --> ftp.tripod.it /images Cartellino_magia.gif
101.08.24 11:46 B D:\SITO PUBBLICATO ARELIA\images\Cartellino_siti.gif --> ftp.tripod.it /images Cartellino_siti.gif
101.08.24 11:46 B D:\SITO PUBBLICATO ARELIA\images\castlello.gif --> ftp.tripod.it /images castlello.gif
101.08.24 11:46 B D:\SITO PUBBLICATO ARELIA\images\Lupessa.jpg --> ftp.tripod.it /images Lupessa.jpg
101.08.24 11:46 B D:\SITO PUBBLICATO ARELIA\images\Raistlin.jpg --> ftp.tripod.it /images Raistlin.jpg
101.08.24 11:46 B D:\SITO PUBBLICATO ARELIA\images\scrittsomm1.jpg --> ftp.tripod.it /images scrittsomm1.jpg
101.08.24 11:46 B D:\SITO PUBBLICATO ARELIA\images\scrittsomm2.jpg --> ftp.tripod.it /images scrittsomm2.jpg
101.08.24 11:46 B D:\SITO PUBBLICATO ARELIA\images\scrittsomm3.jpg --> ftp.tripod.it /images scrittsomm3.jpg
101.08.24 11:46 B D:\SITO PUBBLICATO ARELIA\images\scrittsomm4.jpg --> ftp.tripod.it /images scrittsomm4.jpg
101.08.24 11:46 B D:\SITO PUBBLICATO ARELIA\images\scrittsomm5.jpg --> ftp.tripod.it /images scrittsomm5.jpg
101.08.24 12:20 B D:\SITO PUBBLICATO ARELIA\images\wizard.gif --> ftp.tripod.it /images wizard.gif
101.08.24 12:20 B D:\SITO PUBBLICATO ARELIA\images\Gateway.jpg --> ftp.tripod.it /images Gateway.jpg
101.08.28 11:03 B D:\SITO PUBBLICATO ARELIA\images\giornott.jpg --> ftp.tripod.it /images giornott.jpg
101.08.28 11:04 B D:\SITO PUBBLICATO ARELIA\images\goegrafia.jpg --> ftp.tripod.it /images goegrafia.jpg
101.08.28 11:04 B D:\SITO PUBBLICATO ARELIA\images\tempoat.jpg --> ftp.tripod.it /images tempoat.jpg
101.08.28 11:05 B D:\SITO PUBBLICATO ARELIA\images\mappa_zone.jpg --> ftp.tripod.it /images mappa_zone.jpg
101.08.28 11:08 B D:\SITO PUBBLICATO ARELIA\images\labirint.jpg --> ftp.tripod.it /images labirint.jpg
101.08.28 11:14 B D:\SITO PUBBLICATO ARELIA\images\goegrafia.jpg --> ftp.tripod.it / goegrafia.jpg
101.08.28 23:01 B D:\SITO PUBBLICATO ARELIA\images\Cartellino_schedcomb.gif --> ftp.tripod.it /images Cartellino_schedcomb.gif
101.08.29 09:37 B D:\SITO PUBBLICATO ARELIA\images\paladinaloky.jpg --> ftp.tripod.it /images paladinaloky.jpg
101.08.31 21:14 B D:\SITO PUBBLICATO ARELIA\images\viaggiatore.jpg --> ftp.tripod.it /images viaggiatore.jpg
101.08.31 21:15 B D:\SITO PUBBLICATO ARELIA\images\viaggtesta.jpg --> ftp.tripod.it /images viaggtesta.jpg
101.08.31 21:17 B D:\SITO PUBBLICATO ARELIA\images\attacco_drago.jpg --> ftp.tripod.it /images attacco_drago.jpg
101.08.31 21:17 B D:\SITO PUBBLICATO ARELIA\images\Cartellino_mostri.gif --> ftp.tripod.it /images Cartellino_mostri.gif
101.08.31 21:18 B D:\SITO PUBBLICATO ARELIA\images\cav_nero.jpg --> ftp.tripod.it /images cav_nero.jpg
101.08.31 21:19 B D:\SITO PUBBLICATO ARELIA\images\cav_nero_cavallo.jpg --> ftp.tripod.it /images cav_nero_cavallo.jpg
101.09.01 03:38 B D:\SITO PUBBLICATO ARELIA\images\papyrus_mitte.jpg --> ftp.tripod.it /images papyrus_mitte.jpg
101.09.01 03:42 B D:\SITO PUBBLICATO ARELIA\images\mostri.jpg --> ftp.tripod.it /images mostri.jpg
101.09.01 03:42 B D:\SITO PUBBLICATO ARELIA\images\darkwar.jpg --> ftp.tripod.it /images darkwar.jpg
101.09.01 03:42 B D:\SITO PUBBLICATO ARELIA\images\cav_nero.jpg --> ftp.tripod.it /images cav_nero.jpg
101.09.01 03:42 B D:\SITO PUBBLICATO ARELIA\images\cav_nero_cavallo.jpg --> ftp.tripod.it /images cav_nero_cavallo.jpg
101.09.01 03:43 B D:\SITO PUBBLICATO ARELIA\images\Mostruario.jpg --> ftp.tripod.it /images Mostruario.jpg
101.09.02 13:29 B D:\SITO PUBBLICATO ARELIA\images\Angelo_vola.jpg --> ftp.tripod.it /images Angelo_vola.jpg
101.09.04 20:28 B D:\SITO PUBBLICATO ARELIA\images\lokylibri.jpg --> ftp.tripod.it /images lokylibri.jpg
101.09.05 20:49 B D:\SITO PUBBLICATO ARELIA\images\tanatospell.htm --> ftp.tripod.it / tanatospell.htm
101.09.05 20:49 B D:\SITO PUBBLICATO ARELIA\images\angel_Tanatos.jpg --> ftp.tripod.it /images angel_Tanatos.jpg
101.09.10 23:58 B D:\SITO PUBBLICATO ARELIA\images\corvi_assieme.gif --> ftp.tripod.it /images corvi_assieme.gif
101.09.11 13:17 B D:\SITO PUBBLICATO ARELIA\images\fonts.htm --> ftp.tripod.it / fonts.htm
101.09.11 13:19 B D:\SITO PUBBLICATO ARELIA\images\Cartellino_Fonts.gif --> ftp.tripod.it /images Cartellino_Fonts.gif
101.09.11 13:19 B D:\SITO PUBBLICATO ARELIA\images\Chasm.jpg --> ftp.tripod.it /images Chasm.jpg
101.09.11 13:20 B D:\SITO PUBBLICATO ARELIA\images\Brush_Script_MT.jpg --> ftp.tripod.it /images Brush_Script_MT.jpg
101.09.11 13:20 B D:\SITO PUBBLICATO ARELIA\images\Branley_Hand_ITC.jpg --> ftp.tripod.it /images Branley_Hand_ITC.jpg
101.09.11 13:20 B D:\SITO PUBBLICATO ARELIA\images\Blood_of_Dracula.jpg --> ftp.tripod.it /images Blood_of_Dracula.jpg
101.09.11 13:21 B D:\SITO PUBBLICATO ARELIA\images\Bimini.jpg --> ftp.tripod.it /images Bimini.jpg
101.09.11 13:21 B D:\SITO PUBBLICATO ARELIA\images\Battlefield.jpg --> ftp.tripod.it /images Battlefield.jpg
101.09.11 13:21 B D:\SITO PUBBLICATO ARELIA\images\Bart.jpg --> ftp.tripod.it /images Bart.jpg
101.09.11 13:21 B D:\SITO PUBBLICATO ARELIA\images\Bangle.jpg --> ftp.tripod.it /images Bangle.jpg
101.09.11 13:22 B D:\SITO PUBBLICATO ARELIA\images\Aragones.jpg --> ftp.tripod.it /images Aragones.jpg
101.09.11 13:22 B D:\SITO PUBBLICATO ARELIA\images\Anglo-Saxon_8th_century.jpg --> ftp.tripod.it /images Anglo-Saxon_8th_century.jpg
101.09.11 13:22 B D:\SITO PUBBLICATO ARELIA\images\Agathoidaimon.jpg --> ftp.tripod.it /images Agathoidaimon.jpg
101.09.11 13:22 B D:\SITO PUBBLICATO ARELIA\images\Adventure.jpg --> ftp.tripod.it /images Adventure.jpg
101.09.11 13:23 B D:\SITO PUBBLICATO ARELIA\images\Action_Jack.jpg --> ftp.tripod.it /images Action_Jack.jpg
101.09.11 13:23 B D:\SITO PUBBLICATO ARELIA\images\Academy_Engraved.jpg --> ftp.tripod.it /images Academy_Engraved.jpg
101.09.11 13:23 B D:\SITO PUBBLICATO ARELIA\images\corvo_che_vola_e_atterra.gif --> ftp.tripod.it /images corvo_che_vola_e_atterra.gif
101.09.13 10:55 B D:\SITO PUBBLICATO ARELIA\images\chaos25.gif --> ftp.tripod.it /images chaos25.gif
101.09.15 14:52 B D:\SITO PUBBLICATO ARELIA\images\Magofantasm.jpg --> ftp.tripod.it /images Magofantasm.jpg
101.09.15 14:52 B D:\SITO PUBBLICATO ARELIA\images\alteratore.jpg --> ftp.tripod.it /images alteratore.jpg
101.09.15 14:53 B D:\SITO PUBBLICATO ARELIA\images\divinersfera.jpg --> ftp.tripod.it /images divinersfera.jpg
101.09.15 14:54 B D:\SITO PUBBLICATO ARELIA\images\mago.jpg --> ftp.tripod.it /images mago.jpg
101.09.15 14:54 B D:\SITO PUBBLICATO ARELIA\images\Invocatrice.jpg --> ftp.tripod.it /images Invocatrice.jpg
101.09.15 14:54 B D:\SITO PUBBLICATO ARELIA\images\divinatore.jpg --> ftp.tripod.it /images divinatore.jpg
101.09.15 14:55 B D:\SITO PUBBLICATO ARELIA\images\Scuolemagia.jpg --> ftp.tripod.it /images Scuolemagia.jpg
101.09.15 14:55 B D:\SITO PUBBLICATO ARELIA\images\Circolopote.jpg --> ftp.tripod.it /images Circolopote.jpg
101.09.15 14:56 B D:\SITO PUBBLICATO ARELIA\images\regolemagia.jpg --> ftp.tripod.it /images regolemagia.jpg
101.09.15 14:57 B D:\SITO PUBBLICATO ARELIA\images\Oggettimagici.jpg --> ftp.tripod.it /images Oggettimagici.jpg
101.09.15 14:57 B D:\SITO PUBBLICATO ARELIA\images\nuovispell.jpg --> ftp.tripod.it /images nuovispell.jpg
101.09.15 14:57 B D:\SITO PUBBLICATO ARELIA\images\Magia.jpg --> ftp.tripod.it /images Magia.jpg
101.09.15 14:58 B D:\SITO PUBBLICATO ARELIA\images\celtic.jpg --> ftp.tripod.it /images celtic.jpg
101.09.15 14:58 B D:\SITO PUBBLICATO ARELIA\images\lavoriincorso.gif --> ftp.tripod.it /images lavoriincorso.gif
101.09.16 15:41 B D:\SITO PUBBLICATO ARELIA\images\mappa_ducatos.htm --> ftp.tripod.it / mappa_ducatos.htm
101.09.16 15:44 B D:\SITO PUBBLICATO ARELIA\images\Mappasouthland.jpg --> ftp.tripod.it /images Mappasouthland.jpg
101.09.22 12:57 B D:\SITO PUBBLICATO ARELIA\images\Automaton.jpg --> ftp.tripod.it /images Automaton.jpg
101.09.22 12:57 B D:\SITO PUBBLICATO ARELIA\images\Automatons.jpg --> ftp.tripod.it /images Automatons.jpg
101.09.22 15:43 B D:\SITO PUBBLICATO ARELIA\images\Scudo-Abazia-di-Serdon.gif --> ftp.tripod.it /images Scudo-Abazia-di-Serdon.gif
101.10.07 10:53 B D:\SITO PUBBLICATO ARELIA\images\Siti_Immagini.jpg --> ftp.tripod.it /images Siti_Immagini.jpg
101.10.07 10:53 B D:\SITO PUBBLICATO ARELIA\images\Siti_Generici.jpg --> ftp.tripod.it /images Siti_Generici.jpg
101.10.07 10:53 B D:\SITO PUBBLICATO ARELIA\images\Scheda_Areliana.jpg --> ftp.tripod.it /images Scheda_Areliana.jpg
101.10.07 10:53 B D:\SITO PUBBLICATO ARELIA\images\Fontspage.jpg --> ftp.tripod.it /images Fontspage.jpg
101.10.07 10:53 B D:\SITO PUBBLICATO ARELIA\images\Storia.jpg --> ftp.tripod.it /images Storia.jpg
101.10.07 10:53 B D:\SITO PUBBLICATO ARELIA\images\Sand.jpg --> ftp.tripod.it /images Sand.jpg
101.10.07 10:53 B D:\SITO PUBBLICATO ARELIA\images\Nuove_Regole.jpg --> ftp.tripod.it /images Nuove_Regole.jpg
101.10.07 10:53 B D:\SITO PUBBLICATO ARELIA\images\MostriP.jpg --> ftp.tripod.it /images MostriP.jpg
101.10.07 10:53 B D:\SITO PUBBLICATO ARELIA\images\MagiaP.jpg --> ftp.tripod.it /images MagiaP.jpg
101.10.07 10:53 B D:\SITO PUBBLICATO ARELIA\images\Links.jpg --> ftp.tripod.it /images Links.jpg
101.10.07 10:53 B D:\SITO PUBBLICATO ARELIA\images\Home_page.jpg --> ftp.tripod.it /images Home_page.jpg
101.10.07 10:53 B D:\SITO PUBBLICATO ARELIA\images\Geografia.jpg --> ftp.tripod.it /images Geografia.jpg
101.10.07 10:54 B D:\SITO PUBBLICATO ARELIA\images\Eroi_di_Arelia.jpg --> ftp.tripod.it /images Eroi_di_Arelia.jpg
101.10.07 10:54 B D:\SITO PUBBLICATO ARELIA\images\Downloads.jpg --> ftp.tripod.it /images Downloads.jpg
101.10.07 10:54 B D:\SITO PUBBLICATO ARELIA\images\Culti.jpg --> ftp.tripod.it /images Culti.jpg
101.11.10 18:01 B D:\SITO PUBBLICATO ARELIA\images\poteri_paladini_tanatos.jpg --> ftp.tripod.it /images poteri_paladini_tanatos.jpg
101.11.10 18:02 B D:\SITO PUBBLICATO ARELIA\images\epicusbanner.gif --> ftp.tripod.it /images epicusbanner.gif
101.11.16 19:18 B D:\SITO PUBBLICATO ARELIA\images\elfoforum.jpg --> ftp.tripod.it /images elfoforum.jpg
101.11.17 18:03 B D:\SITO PUBBLICATO ARELIA\images\blackrose.jpg --> ftp.tripod.it /images blackrose.jpg
101.11.17 18:03 B D:\SITO PUBBLICATO ARELIA\images\Regole_corazze.jpg --> ftp.tripod.it /images Regole_corazze.jpg
101.11.17 18:03 B D:\SITO PUBBLICATO ARELIA\images\Regole_combattimento.jpg --> ftp.tripod.it /images Regole_combattimento.jpg
101.11.17 18:04 B D:\SITO PUBBLICATO ARELIA\images\Regole_Armi.jpg --> ftp.tripod.it /images Regole_Armi.jpg
101.11.17 18:04 B D:\SITO PUBBLICATO ARELIA\images\guerriero_bW.jpg --> ftp.tripod.it /images guerriero_bW.jpg
101.11.17 18:04 B D:\SITO PUBBLICATO ARELIA\images\guerriera.jpg --> ftp.tripod.it /images guerriera.jpg
101.11.19 16:05 B D:\SITO PUBBLICATO ARELIA\images\Man_Com.jpg --> ftp.tripod.it /images Man_Com.jpg
101.11.19 16:05 B D:\SITO PUBBLICATO ARELIA\images\Battaglia.jpg --> ftp.tripod.it /images Battaglia.jpg
101.11.19 16:05 B D:\SITO PUBBLICATO ARELIA\images\Assedio_di_umanoidi.jpg --> ftp.tripod.it /images Assedio_di_umanoidi.jpg
101.11.19 16:05 B D:\SITO PUBBLICATO ARELIA\images\guerrieromale.jpg --> ftp.tripod.it /images guerrieromale.jpg
101.11.19 16:05 B D:\SITO PUBBLICATO ARELIA\images\Drago_Blu_scuro.jpg --> ftp.tripod.it /images Drago_Blu_scuro.jpg
101.11.19 16:05 B D:\SITO PUBBLICATO ARELIA\images\Fighter_in_plate.gif --> ftp.tripod.it /images Fighter_in_plate.gif
101.11.19 16:05 B D:\SITO PUBBLICATO ARELIA\images\Scudo_torre.gif --> ftp.tripod.it /images Scudo_torre.gif
101.11.19 16:06 B D:\SITO PUBBLICATO ARELIA\images\scudo_drago.gif --> ftp.tripod.it /images scudo_drago.gif
101.11.19 16:06 B D:\SITO PUBBLICATO ARELIA\images\scudo_corce.gif --> ftp.tripod.it /images scudo_corce.gif
101.11.19 16:06 B D:\SITO PUBBLICATO ARELIA\images\Costruire_Corazze.jpg --> ftp.tripod.it /images Costruire_Corazze.jpg
101.11.19 16:06 B D:\SITO PUBBLICATO ARELIA\images\Corazze_Speciali.jpg --> ftp.tripod.it /images Corazze_Speciali.jpg
101.11.19 16:06 B D:\SITO PUBBLICATO ARELIA\images\knighthorse.gif --> ftp.tripod.it /images knighthorse.gif
101.11.19 16:06 B D:\SITO PUBBLICATO ARELIA\images\Corazze_e_scudi.jpg --> ftp.tripod.it /images Corazze_e_scudi.jpg
101.11.28 21:38 B D:\SITO PUBBLICATO ARELIA\images\Mappa_Arelia_Geo.jpg --> ftp.tripod.it /images Mappa_Arelia_Geo.jpg
101.12.27 20:33 B D:\SITO PUBBLICATO ARELIA\images\bello.gif --> ftp.tripod.it /images bello.gif
